<?xml version="1.0" encoding="UTF-8"?>
<!-- Generated by org.testng.reporters.JUnitXMLReporter -->
<testsuite hostname="USER-NLAJHJET3N" name="SolutionSelenium" tests="6" failures="4" timestamp="11 Dec 2017 07:11:27 GMT" time="135.977" errors="0">
  <testcase name="loginTestCase" time="6.204" classname="cases.LoginMafengwoTests"/>
  <testcase name="loginTestCase" time="5.379" classname="cases.LoginMafengwoTests">
    <failure type="org.junit.ComparisonFailure" message="expected:&amp;lt;[]&amp;gt; but was:&amp;lt;[密码不能为空]&amp;gt;">
      <![CDATA[org.junit.ComparisonFailure: expected:<[]> but was:<[密码不能为空]>
	at org.junit.Assert.assertEquals(Assert.java:115)
	at org.junit.Assert.assertEquals(Assert.java:144)
	at cases.LoginMafengwoTests.loginTestCase(LoginMafengwoTests.java:57)
... Removed 24 stack frames]]>
    </failure>
  </testcase> <!-- loginTestCase -->
  <testcase name="loginTestCase" time="5.644" classname="cases.LoginMafengwoTests">
    <failure type="org.junit.ComparisonFailure" message="expected:&amp;lt;[帐]号不能为空&amp;gt; but was:&amp;lt;[账]号不能为空&amp;gt;">
      <![CDATA[org.junit.ComparisonFailure: expected:<[帐]号不能为空> but was:<[账]号不能为空>
	at org.junit.Assert.assertEquals(Assert.java:115)
	at org.junit.Assert.assertEquals(Assert.java:144)
	at cases.LoginMafengwoTests.loginTestCase(LoginMafengwoTests.java:57)
... Removed 24 stack frames]]>
    </failure>
  </testcase> <!-- loginTestCase -->
  <testcase name="loginTestCase" time="5.298" classname="cases.LoginMafengwoTests">
    <failure type="org.junit.ComparisonFailure" message="expected:&amp;lt;[]&amp;gt; but was:&amp;lt;[账号不存在，请重新输入]&amp;gt;">
      <![CDATA[org.junit.ComparisonFailure: expected:<[]> but was:<[账号不存在，请重新输入]>
	at org.junit.Assert.assertEquals(Assert.java:115)
	at org.junit.Assert.assertEquals(Assert.java:144)
	at cases.LoginMafengwoTests.loginTestCase(LoginMafengwoTests.java:57)
... Removed 24 stack frames]]>
    </failure>
  </testcase> <!-- loginTestCase -->
  <testcase name="loginTestCase" time="5.432" classname="cases.LoginMafengwoTests">
    <failure type="org.junit.ComparisonFailure" message="expected:&amp;lt;[]&amp;gt; but was:&amp;lt;[密码不能小于4个字符]&amp;gt;">
      <![CDATA[org.junit.ComparisonFailure: expected:<[]> but was:<[密码不能小于4个字符]>
	at org.junit.Assert.assertEquals(Assert.java:115)
	at org.junit.Assert.assertEquals(Assert.java:144)
	at cases.LoginMafengwoTests.loginTestCase(LoginMafengwoTests.java:57)
... Removed 24 stack frames]]>
    </failure>
  </testcase> <!-- loginTestCase -->
  <testcase name="searchTestCase" time="0.644" classname="cases.SearchTest"/>
</testsuite> <!-- SolutionSelenium -->
